docker pull efabless/dv:latest
latest: Pulling from efabless/dv
70046bb76055: Pulling fs layer
2d473b07cdd5: Pulling fs layer
d83a09629f53: Pulling fs layer
c386cf4c16f0: Pulling fs layer
7669d5be8d83: Pulling fs layer
c9721db1c856: Pulling fs layer
830c1c11556a: Pulling fs layer
361aa2410f76: Pulling fs layer
27a216299a6b: Pulling fs layer
70046bb76055: Download complete
830c1c11556a: Download complete
c9721db1c856: Download complete
361aa2410f76: Download complete
7669d5be8d83: Download complete
2d473b07cdd5: Download complete
2d473b07cdd5: Pull complete
830c1c11556a: Pull complete
d83a09629f53: Download complete
27a216299a6b: Download complete
27a216299a6b: Pull complete
361aa2410f76: Pull complete
c386cf4c16f0: Download complete
c386cf4c16f0: Pull complete
d83a09629f53: Pull complete
70046bb76055: Pull complete
c9721db1c856: Pull complete
7669d5be8d83: Pull complete
Digest: sha256:06497b070c8578fbbe87170c9f4dfa61c2c9a9d9f665a637c4d822ea98a7f1b7
Status: Downloaded newer image for efabless/dv:latest
docker.io/efabless/dv:latest
docker run -u $(id -u $USER):$(id -g $USER) -v /run/media/durgesh/Code/visualstudio/RISC-V/RISC_CPU:/run/media/durgesh/Code/visualstudio/RISC-V/RISC_CPU -v /run/media/durgesh/New Volume/vlsi_tools/pdks:/run/media/durgesh/New Volume/vlsi_tools/pdks -v /run/media/durgesh/Code/visualstudio/RISC-V/RISC_CPU/caravel:/run/media/durgesh/Code/visualstudio/RISC-V/RISC_CPU/caravel -v /run/media/durgesh/Code/visualstudio/RISC-V/RISC_CPU/mgmt_core_wrapper:/run/media/durgesh/Code/visualstudio/RISC-V/RISC_CPU/mgmt_core_wrapper -e TARGET_PATH=/run/media/durgesh/Code/visualstudio/RISC-V/RISC_CPU -e PDK_ROOT=/run/media/durgesh/New Volume/vlsi_tools/pdks -e CARAVEL_ROOT=/run/media/durgesh/Code/visualstudio/RISC-V/RISC_CPU/caravel -e TOOLS=/foss/tools/riscv-gnu-toolchain-rv32i/217e7f3debe424d61374d31e33a091a630535937 -e DESIGNS=/run/media/durgesh/Code/visualstudio/RISC-V/RISC_CPU -e USER_PROJECT_VERILOG=/run/media/durgesh/Code/visualstudio/RISC-V/RISC_CPU/verilog -e PDK=sky130A -e CORE_VERILOG_PATH=/run/media/durgesh/Code/visualstudio/RISC-V/RISC_CPU/mgmt_core_wrapper/verilog -e CARAVEL_VERILOG_PATH=/run/media/durgesh/Code/visualstudio/RISC-V/RISC_CPU/caravel/verilog -e MCW_ROOT=/run/media/durgesh/Code/visualstudio/RISC-V/RISC_CPU/mgmt_core_wrapper efabless/dv:latest sh -c "source ~/.bashrc && cd /run/media/durgesh/Code/visualstudio/RISC-V/RISC_CPU/verilog/dv/rv32i_jtag && export SIM=RTL && make"
docker: invalid reference format

Run 'docker run --help' for more information
make: *** [Makefile:174: verify-rv32i_jtag-rtl] Error 125
