nohup: ignoring input
Makefile:54: warning: undefined variable 'MCW_ROOT'
Assuming PDK is already enabled via custom path.
# rv32i_top
mkdir -p ./rv32i_top/runs/26_02_23_11_56 
rm -rf ./rv32i_top/runs/rv32i_top
ln -s $(realpath ./rv32i_top/runs/26_02_23_11_56) ./rv32i_top/runs/rv32i_top
docker run --rm -u $(id -u $USER):$(id -g $USER) -v $(realpath /run/media/durgesh/Code/visualstudio/RISC-V/RISC_CPU/openlane/..):$(realpath /run/media/durgesh/Code/visualstudio/RISC-V/RISC_CPU/openlane/..) -v /run/media/durgesh/Code/vlsi_tools/pdks:/run/media/durgesh/Code/vlsi_tools/pdks -v /run/media/durgesh/Code/visualstudio/RISC-V/RISC_CPU/caravel:/run/media/durgesh/Code/visualstudio/RISC-V/RISC_CPU/caravel -v /home/durgesh/.ipm:/home/durgesh/.ipm -v /run/media/durgesh/Code/vlsi_tools/OpenLane:/openlane -e PDK_ROOT=/run/media/durgesh/Code/vlsi_tools/pdks -e PDK=sky130A -e MISMATCHES_OK=1 -e CARAVEL_ROOT=/run/media/durgesh/Code/visualstudio/RISC-V/RISC_CPU/caravel -e OPENLANE_RUN_TAG=26_02_23_11_56  \
	efabless/openlane:2023.07.19-1 sh -c "flow.tcl -design $(realpath ./rv32i_top) -save_path $(realpath ..) -save -tag 26_02_23_11_56 -overwrite -ignore_mismatches"
OpenLane v1.0.2 (30ee1388932eb55a89ad84ee43997bfe3a386421)
(with mounted scripts from ff5509f65b17bfa4068d5336495ab1718987ff69)
All rights reserved. (c) 2020-2025 Efabless Corporation and contributors.
Available under the Apache License, version 2.0. See the LICENSE file for more details.

[INFO]: Using configuration in '../run/media/durgesh/Code/visualstudio/RISC-V/RISC_CPU/openlane/rv32i_top/config.json'...
[INFO]: PDK Root: /run/media/durgesh/Code/vlsi_tools/pdks
[INFO]: Process Design Kit: sky130A
[INFO]: Standard Cell Library: sky130_fd_sc_hd
[INFO]: Optimization Standard Cell Library: sky130_fd_sc_hd
[INFO]: Run Directory: /run/media/durgesh/Code/visualstudio/RISC-V/RISC_CPU/openlane/rv32i_top/runs/26_02_23_11_56
[INFO]: Saving runtime environment...
[INFO]: Preparing LEF files for the nom corner...
[INFO]: Preparing LEF files for the min corner...
[INFO]: Preparing LEF files for the max corner...
[INFO]: Running linter (Verilator) (log: ../run/media/durgesh/Code/visualstudio/RISC-V/RISC_CPU/openlane/rv32i_top/runs/26_02_23_11_56/logs/synthesis/linter.log)...
[INFO]: 0 errors found by linter
[WARNING]: 1 warnings found by linter
[STEP 1]
[INFO]: Running Synthesis (log: ../run/media/durgesh/Code/visualstudio/RISC-V/RISC_CPU/openlane/rv32i_top/runs/26_02_23_11_56/logs/synthesis/1-synthesis.log)...
[STEP 2]
[INFO]: Running Single-Corner Static Timing Analysis (log: ../run/media/durgesh/Code/visualstudio/RISC-V/RISC_CPU/openlane/rv32i_top/runs/26_02_23_11_56/logs/synthesis/2-sta.log)...
[STEP 3]
[INFO]: Running Initial Floorplanning (log: ../run/media/durgesh/Code/visualstudio/RISC-V/RISC_CPU/openlane/rv32i_top/runs/26_02_23_11_56/logs/floorplan/3-initial_fp.log)...
[INFO]: Floorplanned with width 2026.3 and height 2026.4.
[STEP 4]
[INFO]: Running IO Placement (log: ../run/media/durgesh/Code/visualstudio/RISC-V/RISC_CPU/openlane/rv32i_top/runs/26_02_23_11_56/logs/floorplan/4-place_io.log)...
[STEP 5]
[INFO]: Running Tap/Decap Insertion (log: ../run/media/durgesh/Code/visualstudio/RISC-V/RISC_CPU/openlane/rv32i_top/runs/26_02_23_11_56/logs/floorplan/5-tap.log)...
[INFO]: Power planning with power {vccd1} and ground {vssd1}...
[STEP 6]
[INFO]: Generating PDN (log: ../run/media/durgesh/Code/visualstudio/RISC-V/RISC_CPU/openlane/rv32i_top/runs/26_02_23_11_56/logs/floorplan/6-pdn.log)...
[STEP 7]
[INFO]: Running Global Placement (log: ../run/media/durgesh/Code/visualstudio/RISC-V/RISC_CPU/openlane/rv32i_top/runs/26_02_23_11_56/logs/placement/7-global.log)...
[STEP 8]
[INFO]: Running Single-Corner Static Timing Analysis (log: ../run/media/durgesh/Code/visualstudio/RISC-V/RISC_CPU/openlane/rv32i_top/runs/26_02_23_11_56/logs/placement/8-gpl_sta.log)...
[STEP 9]
[INFO]: Running Placement Resizer Design Optimizations (log: ../run/media/durgesh/Code/visualstudio/RISC-V/RISC_CPU/openlane/rv32i_top/runs/26_02_23_11_56/logs/placement/9-resizer.log)...
[STEP 10]
[INFO]: Running Detailed Placement (log: ../run/media/durgesh/Code/visualstudio/RISC-V/RISC_CPU/openlane/rv32i_top/runs/26_02_23_11_56/logs/placement/10-detailed.log)...
[STEP 11]
[INFO]: Running Single-Corner Static Timing Analysis (log: ../run/media/durgesh/Code/visualstudio/RISC-V/RISC_CPU/openlane/rv32i_top/runs/26_02_23_11_56/logs/placement/11-dpl_sta.log)...
[STEP 12]
[INFO]: Running Clock Tree Synthesis (log: ../run/media/durgesh/Code/visualstudio/RISC-V/RISC_CPU/openlane/rv32i_top/runs/26_02_23_11_56/logs/cts/12-cts.log)...
[STEP 13]
[INFO]: Running Single-Corner Static Timing Analysis (log: ../run/media/durgesh/Code/visualstudio/RISC-V/RISC_CPU/openlane/rv32i_top/runs/26_02_23_11_56/logs/cts/13-cts_sta.log)...
[STEP 14]
[INFO]: Running Placement Resizer Timing Optimizations (log: ../run/media/durgesh/Code/visualstudio/RISC-V/RISC_CPU/openlane/rv32i_top/runs/26_02_23_11_56/logs/cts/14-resizer.log)...
[STEP 15]
[INFO]: Running Global Routing Resizer Design Optimizations (log: ../run/media/durgesh/Code/visualstudio/RISC-V/RISC_CPU/openlane/rv32i_top/runs/26_02_23_11_56/logs/routing/15-resizer_design.log)...
[STEP 16]
[INFO]: Running Single-Corner Static Timing Analysis (log: ../run/media/durgesh/Code/visualstudio/RISC-V/RISC_CPU/openlane/rv32i_top/runs/26_02_23_11_56/logs/routing/16-rsz_design_sta.log)...
[STEP 17]
[INFO]: Running Global Routing Resizer Timing Optimizations (log: ../run/media/durgesh/Code/visualstudio/RISC-V/RISC_CPU/openlane/rv32i_top/runs/26_02_23_11_56/logs/routing/17-resizer_timing.log)...
[STEP 18]
[INFO]: Running Single-Corner Static Timing Analysis (log: ../run/media/durgesh/Code/visualstudio/RISC-V/RISC_CPU/openlane/rv32i_top/runs/26_02_23_11_56/logs/routing/18-rsz_timing_sta.log)...
[STEP 19]
[INFO]: Running Heuristic Diode Insertion (log: ../run/media/durgesh/Code/visualstudio/RISC-V/RISC_CPU/openlane/rv32i_top/runs/26_02_23_11_56/logs/routing/19-diodes.log)...
[STEP 20]
[INFO]: Running Detailed Placement (log: ../run/media/durgesh/Code/visualstudio/RISC-V/RISC_CPU/openlane/rv32i_top/runs/26_02_23_11_56/logs/routing/20-diode_legalization.log)...
[STEP 21]
[INFO]: Running Global Routing (log: ../run/media/durgesh/Code/visualstudio/RISC-V/RISC_CPU/openlane/rv32i_top/runs/26_02_23_11_56/logs/routing/21-global.log)...
[ERROR]: during executing openroad script /openlane/scripts/openroad/groute.tcl
[ERROR]: Log: ../run/media/durgesh/Code/visualstudio/RISC-V/RISC_CPU/openlane/rv32i_top/runs/26_02_23_11_56/logs/routing/21-global.log
[ERROR]: Last 10 lines:
[INFO GRT-0002] Maximum degree: 51
[INFO GRT-0001] Minimum degree: 2
[INFO GRT-0002] Maximum degree: 51
[INFO GRT-0001] Minimum degree: 2
[INFO GRT-0002] Maximum degree: 51
[INFO GRT-0001] Minimum degree: 2
[INFO GRT-0002] Maximum degree: 51
[ERROR GRT-0232] Routing congestion too high. Check the congestion heatmap in the GUI.
Error: groute.tcl, 42 GRT-0232
child process exited abnormally

[ERROR]: Creating issue reproducible...
[INFO]: Saving runtime environment...
OpenLane TCL Issue Packager

EFABLESS CORPORATION AND ALL AUTHORS OF THE OPENLANE PROJECT SHALL NOT BE HELD
LIABLE FOR ANY LEAKS THAT MAY OCCUR TO ANY PROPRIETARY DATA AS A RESULT OF USING
THIS SCRIPT. THIS SCRIPT IS PROVIDED ON AN "AS IS" BASIS, WITHOUT WARRANTIES OR
CONDITIONS OF ANY KIND.

BY USING THIS SCRIPT, YOU ACKNOWLEDGE THAT YOU FULLY UNDERSTAND THIS DISCLAIMER
AND ALL IT ENTAILS.

Parsing config file(s)…
Setting up /run/media/durgesh/Code/visualstudio/RISC-V/RISC_CPU/openlane/rv32i_top/runs/26_02_23_11_56/issue_reproducible…
Done.
[INFO]: Reproducible packaged: Please tarball and upload '../run/media/durgesh/Code/visualstudio/RISC-V/RISC_CPU/openlane/rv32i_top/runs/26_02_23_11_56/issue_reproducible' if you're going to submit an issue.
[ERROR]: Step 21 (routing) failed with error:
-code 1 -level 0 -errorcode NONE -errorinfo {
    while executing
"throw_error"
    (procedure "run_tcl_script" line 219)
    invoked from within
"run_tcl_script -tool openroad -no_consume {*}$args"
    (procedure "run_openroad_script" line 2)
    invoked from within
"run_openroad_script $::env(SCRIPTS_DIR)/openroad/groute.tcl -indexed_log $log -save "def=$initial_def,guide=$initial_guide,odb=$initial_odb" -no_updat..."
    (procedure "global_routing_fastroute" line 12)
    invoked from within
"global_routing_fastroute"
    (procedure "global_routing" line 6)
    invoked from within
"global_routing"
    (procedure "run_routing" line 24)
    invoked from within
"run_routing"
    (procedure "run_routing_step" line 7)
    invoked from within
"run_routing_step"} -errorline 1
[INFO]: Saving current set of views in '../run/media/durgesh/Code/visualstudio/RISC-V/RISC_CPU/openlane/rv32i_top/runs/26_02_23_11_56/results/final'...
[INFO]: Generating final set of reports...
[INFO]: Created manufacturability report at '../run/media/durgesh/Code/visualstudio/RISC-V/RISC_CPU/openlane/rv32i_top/runs/26_02_23_11_56/reports/manufacturability.rpt'.
[INFO]: Created metrics report at '../run/media/durgesh/Code/visualstudio/RISC-V/RISC_CPU/openlane/rv32i_top/runs/26_02_23_11_56/reports/metrics.csv'.
[INFO]: Saving runtime environment...
[ERROR]: Flow failed.
[INFO]: The failure may have been because of the following warnings:
[WARNING]: 1 warnings found by linter

make: *** [Makefile:80: rv32i_top] Error 255
