nohup: ignoring input
Makefile:54: warning: undefined variable 'MCW_ROOT'
Assuming PDK is already enabled via custom path.
# user_project_wrapper
mkdir -p ./user_project_wrapper/runs/26_02_23_16_58 
rm -rf ./user_project_wrapper/runs/user_project_wrapper
ln -s $(realpath ./user_project_wrapper/runs/26_02_23_16_58) ./user_project_wrapper/runs/user_project_wrapper
docker run --rm -u $(id -u $USER):$(id -g $USER) -v $(realpath /run/media/durgesh/Code/visualstudio/RISC-V/RISC_CPU/openlane/..):$(realpath /run/media/durgesh/Code/visualstudio/RISC-V/RISC_CPU/openlane/..) -v /run/media/durgesh/Code/vlsi_tools/pdks:/run/media/durgesh/Code/vlsi_tools/pdks -v /run/media/durgesh/Code/visualstudio/RISC-V/RISC_CPU/caravel:/run/media/durgesh/Code/visualstudio/RISC-V/RISC_CPU/caravel -v /home/durgesh/.ipm:/home/durgesh/.ipm -v /run/media/durgesh/Code/vlsi_tools/OpenLane:/openlane -e PDK_ROOT=/run/media/durgesh/Code/vlsi_tools/pdks -e PDK=sky130A -e MISMATCHES_OK=1 -e CARAVEL_ROOT=/run/media/durgesh/Code/visualstudio/RISC-V/RISC_CPU/caravel -e OPENLANE_RUN_TAG=26_02_23_16_58  \
	efabless/openlane:2023.07.19-1 sh -c "flow.tcl -design $(realpath ./user_project_wrapper) -save_path $(realpath ..) -save -tag 26_02_23_16_58 -overwrite -ignore_mismatches"
OpenLane v1.0.2 (30ee1388932eb55a89ad84ee43997bfe3a386421)
(with mounted scripts from ff5509f65b17bfa4068d5336495ab1718987ff69)
All rights reserved. (c) 2020-2025 Efabless Corporation and contributors.
Available under the Apache License, version 2.0. See the LICENSE file for more details.

[INFO]: Using configuration in '../run/media/durgesh/Code/visualstudio/RISC-V/RISC_CPU/openlane/user_project_wrapper/config.json'...
[INFO]: PDK Root: /run/media/durgesh/Code/vlsi_tools/pdks
[INFO]: Process Design Kit: sky130A
[INFO]: Standard Cell Library: sky130_fd_sc_hd
[INFO]: Optimization Standard Cell Library: sky130_fd_sc_hd
[INFO]: Run Directory: /run/media/durgesh/Code/visualstudio/RISC-V/RISC_CPU/openlane/user_project_wrapper/runs/26_02_23_16_58
[INFO]: Saving runtime environment...
[INFO]: Preparing LEF files for the nom corner...
[INFO]: Preparing LEF files for the min corner...
[INFO]: Preparing LEF files for the max corner...
[STEP 1]
[INFO]: Running Synthesis (log: ../run/media/durgesh/Code/visualstudio/RISC-V/RISC_CPU/openlane/user_project_wrapper/runs/26_02_23_16_58/logs/synthesis/1-synthesis.log)...
[STEP 2]
[INFO]: Running Single-Corner Static Timing Analysis (log: ../run/media/durgesh/Code/visualstudio/RISC-V/RISC_CPU/openlane/user_project_wrapper/runs/26_02_23_16_58/logs/synthesis/2-sta.log)...
[INFO]: Creating a netlist with power/ground pins.
[STEP 3]
[INFO]: Running Initial Floorplanning (log: ../run/media/durgesh/Code/visualstudio/RISC-V/RISC_CPU/openlane/user_project_wrapper/runs/26_02_23_16_58/logs/floorplan/3-initial_fp.log)...
[INFO]: Floorplanned with width 2908.58 and height 3497.92.
[STEP 4]
[INFO]: Running IO Placement...
[INFO]: Applying DEF template...
[STEP 5]
[INFO]: Performing Manual Macro Placement (log: ../run/media/durgesh/Code/visualstudio/RISC-V/RISC_CPU/openlane/user_project_wrapper/runs/26_02_23_16_58/logs/placement/5-macro_placement.log)...
[INFO]: Power planning with power {vccd1 vccd2 vdda1 vdda2} and ground {vssd1 vssd2 vssa1 vssa2}...
[STEP 6]
[INFO]: Generating PDN (log: ../run/media/durgesh/Code/visualstudio/RISC-V/RISC_CPU/openlane/user_project_wrapper/runs/26_02_23_16_58/logs/floorplan/6-pdn.log)...
[STEP 7]
[INFO]: Performing Random Global Placement (log: ../run/media/durgesh/Code/visualstudio/RISC-V/RISC_CPU/openlane/user_project_wrapper/runs/26_02_23_16_58/logs/placement/7-global.log)...
[INFO]: Skipping Placement Resizer Design Optimizations.
[STEP 8]
[INFO]: Running Detailed Placement (log: ../run/media/durgesh/Code/visualstudio/RISC-V/RISC_CPU/openlane/user_project_wrapper/runs/26_02_23_16_58/logs/placement/8-detailed.log)...
[STEP 9]
[INFO]: Running Single-Corner Static Timing Analysis (log: ../run/media/durgesh/Code/visualstudio/RISC-V/RISC_CPU/openlane/user_project_wrapper/runs/26_02_23_16_58/logs/placement/9-dpl_sta.log)...
[INFO]: Skipping Placement Resizer Timing Optimizations.
[INFO]: Skipping Global Routing Resizer Design Optimizations.
[INFO]: Skipping Global Routing Resizer Timing Optimizations.
[STEP 10]
[INFO]: Running Global Routing (log: ../run/media/durgesh/Code/visualstudio/RISC-V/RISC_CPU/openlane/user_project_wrapper/runs/26_02_23_16_58/logs/routing/10-global.log)...
[STEP 11]
[INFO]: Writing Verilog (log: ../run/media/durgesh/Code/visualstudio/RISC-V/RISC_CPU/openlane/user_project_wrapper/runs/26_02_23_16_58/logs/routing/10-global_write_netlist.log)...
[STEP 12]
[INFO]: Running Single-Corner Static Timing Analysis (log: ../run/media/durgesh/Code/visualstudio/RISC-V/RISC_CPU/openlane/user_project_wrapper/runs/26_02_23_16_58/logs/routing/12-grt_sta.log)...
[STEP 13]
[INFO]: Running Detailed Routing (log: ../run/media/durgesh/Code/visualstudio/RISC-V/RISC_CPU/openlane/user_project_wrapper/runs/26_02_23_16_58/logs/routing/13-detailed.log)...
[INFO]: No DRC violations after detailed routing.
[STEP 14]
[INFO]: Checking Wire Lengths (log: ../run/media/durgesh/Code/visualstudio/RISC-V/RISC_CPU/openlane/user_project_wrapper/runs/26_02_23_16_58/logs/routing/14-wire_lengths.log)...
[STEP 15]
[INFO]: Running SPEF Extraction at the min process corner (log: ../run/media/durgesh/Code/visualstudio/RISC-V/RISC_CPU/openlane/user_project_wrapper/runs/26_02_23_16_58/logs/signoff/15-parasitics_extraction.min.log)...
[STEP 16]
[INFO]: Running Multi-Corner Static Timing Analysis at the min process corner (log: ../run/media/durgesh/Code/visualstudio/RISC-V/RISC_CPU/openlane/user_project_wrapper/runs/26_02_23_16_58/logs/signoff/16-rcx_mcsta.min.log)...
[STEP 17]
[INFO]: Running SPEF Extraction at the max process corner (log: ../run/media/durgesh/Code/visualstudio/RISC-V/RISC_CPU/openlane/user_project_wrapper/runs/26_02_23_16_58/logs/signoff/17-parasitics_extraction.max.log)...
[STEP 18]
[INFO]: Running Multi-Corner Static Timing Analysis at the max process corner (log: ../run/media/durgesh/Code/visualstudio/RISC-V/RISC_CPU/openlane/user_project_wrapper/runs/26_02_23_16_58/logs/signoff/18-rcx_mcsta.max.log)...
[STEP 19]
[INFO]: Running SPEF Extraction at the nom process corner (log: ../run/media/durgesh/Code/visualstudio/RISC-V/RISC_CPU/openlane/user_project_wrapper/runs/26_02_23_16_58/logs/signoff/19-parasitics_extraction.nom.log)...
[STEP 20]
[INFO]: Running Multi-Corner Static Timing Analysis at the nom process corner (log: ../run/media/durgesh/Code/visualstudio/RISC-V/RISC_CPU/openlane/user_project_wrapper/runs/26_02_23_16_58/logs/signoff/20-rcx_mcsta.nom.log)...
[STEP 21]
[INFO]: Running Single-Corner Static Timing Analysis at the nom process corner (log: ../run/media/durgesh/Code/visualstudio/RISC-V/RISC_CPU/openlane/user_project_wrapper/runs/26_02_23_16_58/logs/signoff/21-rcx_sta.log)...
[WARNING]: Module sky130_ef_sc_hd__decap_12 blackboxed during sta
[WARNING]: Module sky130_fd_sc_hd__fill_1 blackboxed during sta
[WARNING]: Module sky130_fd_sc_hd__fill_2 blackboxed during sta
[WARNING]: Module sky130_fd_sc_hd__tapvpwrvgnd_1 blackboxed during sta
[WARNING]: Module sky130_sram_2kbyte_1rw1r_32x512_8 blackboxed during sta
[STEP 22]
[INFO]: Creating IR Drop Report (log: ../run/media/durgesh/Code/visualstudio/RISC-V/RISC_CPU/openlane/user_project_wrapper/runs/26_02_23_16_58/logs/signoff/22-irdrop.log)...
[WARNING]: VSRC_LOC_FILES is not defined. The IR drop analysis will run, but the values may be inaccurate.
[STEP 23]
[INFO]: Running Magic to generate various views...
[INFO]: Streaming out GDSII with Magic (log: ../run/media/durgesh/Code/visualstudio/RISC-V/RISC_CPU/openlane/user_project_wrapper/runs/26_02_23_16_58/logs/signoff/23-gdsii.log)...
[INFO]: Generating MAGLEF views...
[INFO]: Generating lef with Magic (/run/media/durgesh/Code/visualstudio/RISC-V/RISC_CPU/openlane/user_project_wrapper/runs/26_02_23_16_58/logs/signoff/23-lef.log)...
[STEP 24]
[INFO]: Streaming out GDSII with KLayout (log: ../run/media/durgesh/Code/visualstudio/RISC-V/RISC_CPU/openlane/user_project_wrapper/runs/26_02_23_16_58/logs/signoff/24-gdsii-klayout.log)...
[STEP 25]
[INFO]: Running XOR on the layouts using KLayout (log: ../run/media/durgesh/Code/visualstudio/RISC-V/RISC_CPU/openlane/user_project_wrapper/runs/26_02_23_16_58/logs/signoff/25-xor.log)...
[INFO]: No XOR differences between KLayout and Magic gds.
[STEP 26]
[INFO]: Running Magic Spice Export from LEF (log: ../run/media/durgesh/Code/visualstudio/RISC-V/RISC_CPU/openlane/user_project_wrapper/runs/26_02_23_16_58/logs/signoff/26-spice.log)...
[STEP 27]
[INFO]: Writing Powered Verilog (logs: ../run/media/durgesh/Code/visualstudio/RISC-V/RISC_CPU/openlane/user_project_wrapper/runs/26_02_23_16_58/logs/signoff/27-write_powered_def.log, ../run/media/durgesh/Code/visualstudio/RISC-V/RISC_CPU/openlane/user_project_wrapper/runs/26_02_23_16_58/logs/signoff/27-write_powered_verilog.log)...
[STEP 28]
[INFO]: Writing Verilog (log: ../run/media/durgesh/Code/visualstudio/RISC-V/RISC_CPU/openlane/user_project_wrapper/runs/26_02_23_16_58/logs/signoff/27-write_powered_verilog.log)...
[STEP 29]
[INFO]: Running LVS (log: ../run/media/durgesh/Code/visualstudio/RISC-V/RISC_CPU/openlane/user_project_wrapper/runs/26_02_23_16_58/logs/signoff/29-lvs.lef.log)...
[ERROR]: There are LVS errors in the design: See '../run/media/durgesh/Code/visualstudio/RISC-V/RISC_CPU/openlane/user_project_wrapper/runs/26_02_23_16_58/reports/signoff/29-user_project_wrapper.lvs.rpt' for a summary and '../run/media/durgesh/Code/visualstudio/RISC-V/RISC_CPU/openlane/user_project_wrapper/runs/26_02_23_16_58/logs/signoff/29-lvs.lef.log' for details.
[ERROR]: Step 29 (lvs) failed with error:
-code 1 -level 0 -errorcode NONE -errorinfo {
    while executing
"throw_error"
    (procedure "quit_on_lvs_error" line 13)
    invoked from within
"quit_on_lvs_error -rpt $count_lvs_rpt -log $log"
    (procedure "run_lvs" line 76)
    invoked from within
"run_lvs"
    (procedure "run_lvs_step" line 10)
    invoked from within
"run_lvs_step"} -errorline 1
[INFO]: Saving current set of views in '../run/media/durgesh/Code/visualstudio/RISC-V/RISC_CPU/openlane/user_project_wrapper/runs/26_02_23_16_58/results/final'...
[INFO]: Generating final set of reports...
[INFO]: Created manufacturability report at '../run/media/durgesh/Code/visualstudio/RISC-V/RISC_CPU/openlane/user_project_wrapper/runs/26_02_23_16_58/reports/manufacturability.rpt'.
[INFO]: Created metrics report at '../run/media/durgesh/Code/visualstudio/RISC-V/RISC_CPU/openlane/user_project_wrapper/runs/26_02_23_16_58/reports/metrics.csv'.
[INFO]: Saving runtime environment...
[ERROR]: Flow failed.
[INFO]: The failure may have been because of the following warnings:
[WARNING]: Module sky130_ef_sc_hd__decap_12 blackboxed during sta
[WARNING]: Module sky130_fd_sc_hd__fill_1 blackboxed during sta
[WARNING]: Module sky130_fd_sc_hd__fill_2 blackboxed during sta
[WARNING]: Module sky130_fd_sc_hd__tapvpwrvgnd_1 blackboxed during sta
[WARNING]: Module sky130_sram_2kbyte_1rw1r_32x512_8 blackboxed during sta
[WARNING]: VSRC_LOC_FILES is not defined. The IR drop analysis will run, but the values may be inaccurate.

make: *** [Makefile:80: user_project_wrapper] Error 255
