nohup: ignoring input
Makefile:54: warning: undefined variable 'MCW_ROOT'
Assuming PDK is already enabled via custom path.
# rv32i_top
mkdir -p ./rv32i_top/runs/26_02_23_15_31 
rm -rf ./rv32i_top/runs/rv32i_top
ln -s $(realpath ./rv32i_top/runs/26_02_23_15_31) ./rv32i_top/runs/rv32i_top
docker run --rm -u $(id -u $USER):$(id -g $USER) -v $(realpath /run/media/durgesh/Code/visualstudio/RISC-V/RISC_CPU/openlane/..):$(realpath /run/media/durgesh/Code/visualstudio/RISC-V/RISC_CPU/openlane/..) -v /run/media/durgesh/Code/vlsi_tools/pdks:/run/media/durgesh/Code/vlsi_tools/pdks -v /run/media/durgesh/Code/visualstudio/RISC-V/RISC_CPU/caravel:/run/media/durgesh/Code/visualstudio/RISC-V/RISC_CPU/caravel -v /home/durgesh/.ipm:/home/durgesh/.ipm -v /run/media/durgesh/Code/vlsi_tools/OpenLane:/openlane -e PDK_ROOT=/run/media/durgesh/Code/vlsi_tools/pdks -e PDK=sky130A -e MISMATCHES_OK=1 -e CARAVEL_ROOT=/run/media/durgesh/Code/visualstudio/RISC-V/RISC_CPU/caravel -e OPENLANE_RUN_TAG=26_02_23_15_31  \
	efabless/openlane:2023.07.19-1 sh -c "flow.tcl -design $(realpath ./rv32i_top) -save_path $(realpath ..) -save -tag 26_02_23_15_31 -overwrite -ignore_mismatches"
OpenLane v1.0.2 (30ee1388932eb55a89ad84ee43997bfe3a386421)
(with mounted scripts from ff5509f65b17bfa4068d5336495ab1718987ff69)
All rights reserved. (c) 2020-2025 Efabless Corporation and contributors.
Available under the Apache License, version 2.0. See the LICENSE file for more details.

[INFO]: Using configuration in '../run/media/durgesh/Code/visualstudio/RISC-V/RISC_CPU/openlane/rv32i_top/config.json'...
[INFO]: PDK Root: /run/media/durgesh/Code/vlsi_tools/pdks
[INFO]: Process Design Kit: sky130A
[INFO]: Standard Cell Library: sky130_fd_sc_hd
[INFO]: Optimization Standard Cell Library: sky130_fd_sc_hd
[INFO]: Run Directory: /run/media/durgesh/Code/visualstudio/RISC-V/RISC_CPU/openlane/rv32i_top/runs/26_02_23_15_31
[INFO]: Saving runtime environment...
[INFO]: Preparing LEF files for the nom corner...
[INFO]: Preparing LEF files for the min corner...
[INFO]: Preparing LEF files for the max corner...
[INFO]: Running linter (Verilator) (log: ../run/media/durgesh/Code/visualstudio/RISC-V/RISC_CPU/openlane/rv32i_top/runs/26_02_23_15_31/logs/synthesis/linter.log)...
[INFO]: 0 errors found by linter
[WARNING]: 18 warnings found by linter
[STEP 1]
[INFO]: Running Synthesis (log: ../run/media/durgesh/Code/visualstudio/RISC-V/RISC_CPU/openlane/rv32i_top/runs/26_02_23_15_31/logs/synthesis/1-synthesis.log)...
[STEP 2]
[INFO]: Running Single-Corner Static Timing Analysis (log: ../run/media/durgesh/Code/visualstudio/RISC-V/RISC_CPU/openlane/rv32i_top/runs/26_02_23_15_31/logs/synthesis/2-sta.log)...
[STEP 3]
[INFO]: Running Initial Floorplanning (log: ../run/media/durgesh/Code/visualstudio/RISC-V/RISC_CPU/openlane/rv32i_top/runs/26_02_23_15_31/logs/floorplan/3-initial_fp.log)...
[INFO]: Floorplanned with width 2488.6 and height 2477.92.
[STEP 4]
[INFO]: Running IO Placement (log: ../run/media/durgesh/Code/visualstudio/RISC-V/RISC_CPU/openlane/rv32i_top/runs/26_02_23_15_31/logs/floorplan/4-place_io.log)...
[STEP 5]
[INFO]: Performing Manual Macro Placement (log: ../run/media/durgesh/Code/visualstudio/RISC-V/RISC_CPU/openlane/rv32i_top/runs/26_02_23_15_31/logs/placement/5-macro_placement.log)...
[STEP 6]
[INFO]: Running Tap/Decap Insertion (log: ../run/media/durgesh/Code/visualstudio/RISC-V/RISC_CPU/openlane/rv32i_top/runs/26_02_23_15_31/logs/floorplan/6-tap.log)...
[INFO]: Power planning with power {vccd1} and ground {vssd1}...
[STEP 7]
[INFO]: Generating PDN (log: ../run/media/durgesh/Code/visualstudio/RISC-V/RISC_CPU/openlane/rv32i_top/runs/26_02_23_15_31/logs/floorplan/7-pdn.log)...
[STEP 8]
[INFO]: Running Global Placement (log: ../run/media/durgesh/Code/visualstudio/RISC-V/RISC_CPU/openlane/rv32i_top/runs/26_02_23_15_31/logs/placement/8-global.log)...
[STEP 9]
[INFO]: Running Single-Corner Static Timing Analysis (log: ../run/media/durgesh/Code/visualstudio/RISC-V/RISC_CPU/openlane/rv32i_top/runs/26_02_23_15_31/logs/placement/9-gpl_sta.log)...
[STEP 10]
[INFO]: Running Placement Resizer Design Optimizations (log: ../run/media/durgesh/Code/visualstudio/RISC-V/RISC_CPU/openlane/rv32i_top/runs/26_02_23_15_31/logs/placement/10-resizer.log)...
[STEP 11]
[INFO]: Running Detailed Placement (log: ../run/media/durgesh/Code/visualstudio/RISC-V/RISC_CPU/openlane/rv32i_top/runs/26_02_23_15_31/logs/placement/11-detailed.log)...
[STEP 12]
[INFO]: Running Single-Corner Static Timing Analysis (log: ../run/media/durgesh/Code/visualstudio/RISC-V/RISC_CPU/openlane/rv32i_top/runs/26_02_23_15_31/logs/placement/12-dpl_sta.log)...
[STEP 13]
[INFO]: Running Clock Tree Synthesis (log: ../run/media/durgesh/Code/visualstudio/RISC-V/RISC_CPU/openlane/rv32i_top/runs/26_02_23_15_31/logs/cts/13-cts.log)...
[STEP 14]
[INFO]: Running Single-Corner Static Timing Analysis (log: ../run/media/durgesh/Code/visualstudio/RISC-V/RISC_CPU/openlane/rv32i_top/runs/26_02_23_15_31/logs/cts/14-cts_sta.log)...
[STEP 15]
[INFO]: Running Placement Resizer Timing Optimizations (log: ../run/media/durgesh/Code/visualstudio/RISC-V/RISC_CPU/openlane/rv32i_top/runs/26_02_23_15_31/logs/cts/15-resizer.log)...
[STEP 16]
[INFO]: Running Global Routing Resizer Design Optimizations (log: ../run/media/durgesh/Code/visualstudio/RISC-V/RISC_CPU/openlane/rv32i_top/runs/26_02_23_15_31/logs/routing/16-resizer_design.log)...
[STEP 17]
[INFO]: Running Single-Corner Static Timing Analysis (log: ../run/media/durgesh/Code/visualstudio/RISC-V/RISC_CPU/openlane/rv32i_top/runs/26_02_23_15_31/logs/routing/17-rsz_design_sta.log)...
[STEP 18]
[INFO]: Running Global Routing Resizer Timing Optimizations (log: ../run/media/durgesh/Code/visualstudio/RISC-V/RISC_CPU/openlane/rv32i_top/runs/26_02_23_15_31/logs/routing/18-resizer_timing.log)...
[STEP 19]
[INFO]: Running Single-Corner Static Timing Analysis (log: ../run/media/durgesh/Code/visualstudio/RISC-V/RISC_CPU/openlane/rv32i_top/runs/26_02_23_15_31/logs/routing/19-rsz_timing_sta.log)...
[STEP 20]
[INFO]: Running Heuristic Diode Insertion (log: ../run/media/durgesh/Code/visualstudio/RISC-V/RISC_CPU/openlane/rv32i_top/runs/26_02_23_15_31/logs/routing/20-diodes.log)...
[STEP 21]
[INFO]: Running Detailed Placement (log: ../run/media/durgesh/Code/visualstudio/RISC-V/RISC_CPU/openlane/rv32i_top/runs/26_02_23_15_31/logs/routing/21-diode_legalization.log)...
[STEP 22]
[INFO]: Running Global Routing (log: ../run/media/durgesh/Code/visualstudio/RISC-V/RISC_CPU/openlane/rv32i_top/runs/26_02_23_15_31/logs/routing/22-global.log)...
[INFO]: Starting OpenROAD Antenna Repair Iterations...
[STEP 23]
[INFO]: Writing Verilog (log: ../run/media/durgesh/Code/visualstudio/RISC-V/RISC_CPU/openlane/rv32i_top/runs/26_02_23_15_31/logs/routing/22-global_write_netlist.log)...
[STEP 24]
[INFO]: Running Single-Corner Static Timing Analysis (log: ../run/media/durgesh/Code/visualstudio/RISC-V/RISC_CPU/openlane/rv32i_top/runs/26_02_23_15_31/logs/routing/24-grt_sta.log)...
[STEP 25]
[INFO]: Running Fill Insertion (log: ../run/media/durgesh/Code/visualstudio/RISC-V/RISC_CPU/openlane/rv32i_top/runs/26_02_23_15_31/logs/routing/25-fill.log)...
[STEP 26]
[INFO]: Running Detailed Routing (log: ../run/media/durgesh/Code/visualstudio/RISC-V/RISC_CPU/openlane/rv32i_top/runs/26_02_23_15_31/logs/routing/26-detailed.log)...
[INFO]: No DRC violations after detailed routing.
[STEP 27]
[INFO]: Checking Wire Lengths (log: ../run/media/durgesh/Code/visualstudio/RISC-V/RISC_CPU/openlane/rv32i_top/runs/26_02_23_15_31/logs/routing/27-wire_lengths.log)...
[STEP 28]
[INFO]: Running SPEF Extraction at the min process corner (log: ../run/media/durgesh/Code/visualstudio/RISC-V/RISC_CPU/openlane/rv32i_top/runs/26_02_23_15_31/logs/signoff/28-parasitics_extraction.min.log)...
[STEP 29]
[INFO]: Running Multi-Corner Static Timing Analysis at the min process corner (log: ../run/media/durgesh/Code/visualstudio/RISC-V/RISC_CPU/openlane/rv32i_top/runs/26_02_23_15_31/logs/signoff/29-rcx_mcsta.min.log)...
[STEP 30]
[INFO]: Running SPEF Extraction at the max process corner (log: ../run/media/durgesh/Code/visualstudio/RISC-V/RISC_CPU/openlane/rv32i_top/runs/26_02_23_15_31/logs/signoff/30-parasitics_extraction.max.log)...
[STEP 31]
[INFO]: Running Multi-Corner Static Timing Analysis at the max process corner (log: ../run/media/durgesh/Code/visualstudio/RISC-V/RISC_CPU/openlane/rv32i_top/runs/26_02_23_15_31/logs/signoff/31-rcx_mcsta.max.log)...
[STEP 32]
[INFO]: Running SPEF Extraction at the nom process corner (log: ../run/media/durgesh/Code/visualstudio/RISC-V/RISC_CPU/openlane/rv32i_top/runs/26_02_23_15_31/logs/signoff/32-parasitics_extraction.nom.log)...
[STEP 33]
[INFO]: Running Multi-Corner Static Timing Analysis at the nom process corner (log: ../run/media/durgesh/Code/visualstudio/RISC-V/RISC_CPU/openlane/rv32i_top/runs/26_02_23_15_31/logs/signoff/33-rcx_mcsta.nom.log)...
[STEP 34]
[INFO]: Running Single-Corner Static Timing Analysis at the nom process corner (log: ../run/media/durgesh/Code/visualstudio/RISC-V/RISC_CPU/openlane/rv32i_top/runs/26_02_23_15_31/logs/signoff/34-rcx_sta.log)...
[WARNING]: Module sky130_sram_2kbyte_1rw1r_32x512_8 blackboxed during sta
[WARNING]: Module sky130_fd_sc_hd__tapvpwrvgnd_1 blackboxed during sta
[WARNING]: Module sky130_ef_sc_hd__decap_12 blackboxed during sta
[WARNING]: Module sky130_fd_sc_hd__fill_1 blackboxed during sta
[WARNING]: Module sky130_fd_sc_hd__fill_2 blackboxed during sta
[STEP 35]
[INFO]: Creating IR Drop Report (log: ../run/media/durgesh/Code/visualstudio/RISC-V/RISC_CPU/openlane/rv32i_top/runs/26_02_23_15_31/logs/signoff/35-irdrop.log)...
[WARNING]: VSRC_LOC_FILES is not defined. The IR drop analysis will run, but the values may be inaccurate.
[STEP 36]
[INFO]: Running Magic to generate various views...
[INFO]: Streaming out GDSII with Magic (log: ../run/media/durgesh/Code/visualstudio/RISC-V/RISC_CPU/openlane/rv32i_top/runs/26_02_23_15_31/logs/signoff/36-gdsii.log)...
[INFO]: Generating MAGLEF views...
[INFO]: Generating lef with Magic (/run/media/durgesh/Code/visualstudio/RISC-V/RISC_CPU/openlane/rv32i_top/runs/26_02_23_15_31/logs/signoff/36-lef.log)...
[STEP 37]
[INFO]: Streaming out GDSII with KLayout (log: ../run/media/durgesh/Code/visualstudio/RISC-V/RISC_CPU/openlane/rv32i_top/runs/26_02_23_15_31/logs/signoff/37-gdsii-klayout.log)...
[STEP 38]
[INFO]: Running XOR on the layouts using KLayout (log: ../run/media/durgesh/Code/visualstudio/RISC-V/RISC_CPU/openlane/rv32i_top/runs/26_02_23_15_31/logs/signoff/38-xor.log)...
[INFO]: No XOR differences between KLayout and Magic gds.
[STEP 39]
[INFO]: Running Magic Spice Export from LEF (log: ../run/media/durgesh/Code/visualstudio/RISC-V/RISC_CPU/openlane/rv32i_top/runs/26_02_23_15_31/logs/signoff/39-spice.log)...
[STEP 40]
[INFO]: Writing Powered Verilog (logs: ../run/media/durgesh/Code/visualstudio/RISC-V/RISC_CPU/openlane/rv32i_top/runs/26_02_23_15_31/logs/signoff/40-write_powered_def.log, ../run/media/durgesh/Code/visualstudio/RISC-V/RISC_CPU/openlane/rv32i_top/runs/26_02_23_15_31/logs/signoff/40-write_powered_verilog.log)...
[STEP 41]
[INFO]: Writing Verilog (log: ../run/media/durgesh/Code/visualstudio/RISC-V/RISC_CPU/openlane/rv32i_top/runs/26_02_23_15_31/logs/signoff/40-write_powered_verilog.log)...
[STEP 42]
[INFO]: Running LVS (log: ../run/media/durgesh/Code/visualstudio/RISC-V/RISC_CPU/openlane/rv32i_top/runs/26_02_23_15_31/logs/signoff/42-lvs.lef.log)...
[ERROR]: There are LVS errors in the design: See '../run/media/durgesh/Code/visualstudio/RISC-V/RISC_CPU/openlane/rv32i_top/runs/26_02_23_15_31/reports/signoff/42-rv32i_top.lvs.rpt' for a summary and '../run/media/durgesh/Code/visualstudio/RISC-V/RISC_CPU/openlane/rv32i_top/runs/26_02_23_15_31/logs/signoff/42-lvs.lef.log' for details.
[ERROR]: Step 42 (lvs) failed with error:
-code 1 -level 0 -errorcode NONE -errorinfo {
    while executing
"throw_error"
    (procedure "quit_on_lvs_error" line 13)
    invoked from within
"quit_on_lvs_error -rpt $count_lvs_rpt -log $log"
    (procedure "run_lvs" line 76)
    invoked from within
"run_lvs"
    (procedure "run_lvs_step" line 10)
    invoked from within
"run_lvs_step"} -errorline 1
[INFO]: Saving current set of views in '../run/media/durgesh/Code/visualstudio/RISC-V/RISC_CPU/openlane/rv32i_top/runs/26_02_23_15_31/results/final'...
[INFO]: Generating final set of reports...
[INFO]: Created manufacturability report at '../run/media/durgesh/Code/visualstudio/RISC-V/RISC_CPU/openlane/rv32i_top/runs/26_02_23_15_31/reports/manufacturability.rpt'.
[INFO]: Created metrics report at '../run/media/durgesh/Code/visualstudio/RISC-V/RISC_CPU/openlane/rv32i_top/runs/26_02_23_15_31/reports/metrics.csv'.
[INFO]: Saving runtime environment...
[ERROR]: Flow failed.
[INFO]: The failure may have been because of the following warnings:
[WARNING]: 18 warnings found by linter
[WARNING]: Module sky130_sram_2kbyte_1rw1r_32x512_8 blackboxed during sta
[WARNING]: Module sky130_fd_sc_hd__tapvpwrvgnd_1 blackboxed during sta
[WARNING]: Module sky130_ef_sc_hd__decap_12 blackboxed during sta
[WARNING]: Module sky130_fd_sc_hd__fill_1 blackboxed during sta
[WARNING]: Module sky130_fd_sc_hd__fill_2 blackboxed during sta
[WARNING]: VSRC_LOC_FILES is not defined. The IR drop analysis will run, but the values may be inaccurate.

make: *** [Makefile:80: rv32i_top] Error 255
